2026-03-25 01:33:42,759 [INFO] Loading raw corpus …
2026-03-25 01:33:42,877 [INFO] ============================================================
2026-03-25 01:33:42,877 [INFO] DATASET STATISTICS
2026-03-25 01:33:42,877 [INFO] ============================================================
2026-03-25 01:33:42,877 [INFO]   Total sentences (documents) : 5,457
2026-03-25 01:33:42,878 [INFO]   Total tokens                : 91,076
2026-03-25 01:33:42,878 [INFO]   Vocabulary size             : 2,026
2026-03-25 01:33:42,878 [INFO]   Top-20 words:
2026-03-25 01:33:42,879 [INFO]     student                     1271
2026-03-25 01:33:42,879 [INFO]     course                       797
2026-03-25 01:33:42,879 [INFO]     tech                         758
2026-03-25 01:33:42,879 [INFO]     degree                       708
2026-03-25 01:33:42,879 [INFO]     students                     674
2026-03-25 01:33:42,879 [INFO]     academic                     649
2026-03-25 01:33:42,879 [INFO]     semester                     647
2026-03-25 01:33:42,879 [INFO]     requirements                 561
2026-03-25 01:33:42,879 [INFO]     ph                           554
2026-03-25 01:33:42,879 [INFO]     program                      528
2026-03-25 01:33:42,879 [INFO]     credits                      521
2026-03-25 01:33:42,879 [INFO]     back                         450
2026-03-25 01:33:42,880 [INFO]     index                        450
2026-03-25 01:33:42,880 [INFO]     minimum                      434
2026-03-25 01:33:42,880 [INFO]     supervisor                   434
2026-03-25 01:33:42,880 [INFO]     courses                      427
2026-03-25 01:33:42,880 [INFO]     time                         368
2026-03-25 01:33:42,880 [INFO]     grade                        352
2026-03-25 01:33:42,880 [INFO]     sc                           349
2026-03-25 01:33:42,880 [INFO]     department                   343
2026-03-25 01:33:42,880 [INFO] ============================================================
2026-03-25 01:33:42,885 [INFO] Cleaned corpus written → cleaned_corpus.txt
2026-03-25 01:33:44,327 [INFO] WordCloud saved → wordcloud.png
